<?xml version="1.0" encoding="UTF-8"?>
<testsuite xmlns:xsi="http://www.w3.org/2001/XMLSchema-instance" xsi:noNamespaceSchemaLocation="https://maven.apache.org/surefire/maven-surefire-plugin/xsd/surefire-test-report.xsd" version="3.0.2" name="de.homelabs.hlfileserver.HlfileserverApplicationTests" time="0.962" tests="1" errors="0" skipped="0" failures="0">
  <properties>
    <property name="java.specification.version" value="21"/>
    <property name="sun.jnu.encoding" value="UTF-8"/>
    <property name="java.class.path" value="/home/sm1rk/projekte/ws/cms/hlfileserver/target/test-classes:/home/sm1rk/projekte/ws/cms/hlfileserver/target/classes:/home/sm1rk/.m2/repository/org/springframework/boot/spring-boot-starter/3.4.2/spring-boot-starter-3.4.2.jar:/home/sm1rk/.m2/repository/org/springframework/boot/spring-boot/3.4.2/spring-boot-3.4.2.jar:/home/sm1rk/.m2/repository/org/springframework/spring-context/6.2.2/spring-context-6.2.2.jar:/home/sm1rk/.m2/repository/org/springframework/spring-aop/6.2.2/spring-aop-6.2.2.jar:/home/sm1rk/.m2/repository/org/springframework/spring-beans/6.2.2/spring-beans-6.2.2.jar:/home/sm1rk/.m2/repository/org/springframework/spring-expression/6.2.2/spring-expression-6.2.2.jar:/home/sm1rk/.m2/repository/io/micrometer/micrometer-observation/1.14.3/micrometer-observation-1.14.3.jar:/home/sm1rk/.m2/repository/io/micrometer/micrometer-commons/1.14.3/micrometer-commons-1.14.3.jar:/home/sm1rk/.m2/repository/org/springframework/boot/spring-boot-autoconfigure/3.4.2/spring-boot-autoconfigure-3.4.2.jar:/home/sm1rk/.m2/repository/org/springframework/boot/spring-boot-starter-logging/3.4.2/spring-boot-starter-logging-3.4.2.jar:/home/sm1rk/.m2/repository/ch/qos/logback/logback-classic/1.5.16/logback-classic-1.5.16.jar:/home/sm1rk/.m2/repository/ch/qos/logback/logback-core/1.5.16/logback-core-1.5.16.jar:/home/sm1rk/.m2/repository/org/apache/logging/log4j/log4j-to-slf4j/2.24.3/log4j-to-slf4j-2.24.3.jar:/home/sm1rk/.m2/repository/org/apache/logging/log4j/log4j-api/2.24.3/log4j-api-2.24.3.jar:/home/sm1rk/.m2/repository/org/slf4j/jul-to-slf4j/2.0.16/jul-to-slf4j-2.0.16.jar:/home/sm1rk/.m2/repository/jakarta/annotation/jakarta.annotation-api/2.1.1/jakarta.annotation-api-2.1.1.jar:/home/sm1rk/.m2/repository/org/springframework/spring-core/6.2.2/spring-core-6.2.2.jar:/home/sm1rk/.m2/repository/org/springframework/spring-jcl/6.2.2/spring-jcl-6.2.2.jar:/home/sm1rk/.m2/repository/org/yaml/snakeyaml/2.3/snakeyaml-2.3.jar:/home/sm1rk/.m2/repository/org/springframework/boot/spring-boot-starter-test/3.4.2/spring-boot-starter-test-3.4.2.jar:/home/sm1rk/.m2/repository/org/springframework/boot/spring-boot-test/3.4.2/spring-boot-test-3.4.2.jar:/home/sm1rk/.m2/repository/org/springframework/boot/spring-boot-test-autoconfigure/3.4.2/spring-boot-test-autoconfigure-3.4.2.jar:/home/sm1rk/.m2/repository/com/jayway/jsonpath/json-path/2.9.0/json-path-2.9.0.jar:/home/sm1rk/.m2/repository/org/slf4j/slf4j-api/2.0.16/slf4j-api-2.0.16.jar:/home/sm1rk/.m2/repository/jakarta/xml/bind/jakarta.xml.bind-api/4.0.2/jakarta.xml.bind-api-4.0.2.jar:/home/sm1rk/.m2/repository/jakarta/activation/jakarta.activation-api/2.1.3/jakarta.activation-api-2.1.3.jar:/home/sm1rk/.m2/repository/net/minidev/json-smart/2.5.1/json-smart-2.5.1.jar:/home/sm1rk/.m2/repository/net/minidev/accessors-smart/2.5.1/accessors-smart-2.5.1.jar:/home/sm1rk/.m2/repository/org/ow2/asm/asm/9.6/asm-9.6.jar:/home/sm1rk/.m2/repository/org/assertj/assertj-core/3.26.3/assertj-core-3.26.3.jar:/home/sm1rk/.m2/repository/net/bytebuddy/byte-buddy/1.15.11/byte-buddy-1.15.11.jar:/home/sm1rk/.m2/repository/org/awaitility/awaitility/4.2.2/awaitility-4.2.2.jar:/home/sm1rk/.m2/repository/org/hamcrest/hamcrest/2.2/hamcrest-2.2.jar:/home/sm1rk/.m2/repository/org/junit/jupiter/junit-jupiter/5.11.4/junit-jupiter-5.11.4.jar:/home/sm1rk/.m2/repository/org/junit/jupiter/junit-jupiter-api/5.11.4/junit-jupiter-api-5.11.4.jar:/home/sm1rk/.m2/repository/org/opentest4j/opentest4j/1.3.0/opentest4j-1.3.0.jar:/home/sm1rk/.m2/repository/org/junit/platform/junit-platform-commons/1.11.4/junit-platform-commons-1.11.4.jar:/home/sm1rk/.m2/repository/org/apiguardian/apiguardian-api/1.1.2/apiguardian-api-1.1.2.jar:/home/sm1rk/.m2/repository/org/junit/jupiter/junit-jupiter-params/5.11.4/junit-jupiter-params-5.11.4.jar:/home/sm1rk/.m2/repository/org/junit/jupiter/junit-jupiter-engine/5.11.4/junit-jupiter-engine-5.11.4.jar:/home/sm1rk/.m2/repository/org/junit/platform/junit-platform-engine/1.11.4/junit-platform-engine-1.11.4.jar:/home/sm1rk/.m2/repository/org/mockito/mockito-core/5.14.2/mockito-core-5.14.2.jar:/home/sm1rk/.m2/repository/net/bytebuddy/byte-buddy-agent/1.15.11/byte-buddy-agent-1.15.11.jar:/home/sm1rk/.m2/repository/org/objenesis/objenesis/3.3/objenesis-3.3.jar:/home/sm1rk/.m2/repository/org/mockito/mockito-junit-jupiter/5.14.2/mockito-junit-jupiter-5.14.2.jar:/home/sm1rk/.m2/repository/org/skyscreamer/jsonassert/1.5.3/jsonassert-1.5.3.jar:/home/sm1rk/.m2/repository/com/vaadin/external/google/android-json/0.0.20131108.vaadin1/android-json-0.0.20131108.vaadin1.jar:/home/sm1rk/.m2/repository/org/springframework/spring-test/6.2.2/spring-test-6.2.2.jar:/home/sm1rk/.m2/repository/org/xmlunit/xmlunit-core/2.10.0/xmlunit-core-2.10.0.jar:"/>
    <property name="java.vm.vendor" value="Eclipse Adoptium"/>
    <property name="sun.arch.data.model" value="64"/>
    <property name="java.vendor.url" value="https://adoptium.net/"/>
    <property name="user.timezone" value="Europe/Berlin"/>
    <property name="os.name" value="Linux"/>
    <property name="java.vm.specification.version" value="21"/>
    <property name="APPLICATION_NAME" value="hlfileserver"/>
    <property name="sun.java.launcher" value="SUN_STANDARD"/>
    <property name="user.country" value="US"/>
    <property name="sun.boot.library.path" value="/home/sm1rk/software/eclipse-java/plugins/org.eclipse.justj.openjdk.hotspot.jre.full.linux.x86_64_21.0.5.v20241023-1957/jre/lib"/>
    <property name="sun.java.command" value="/home/sm1rk/projekte/ws/cms/hlfileserver/target/surefire/surefirebooter-20250129213423480_3.jar /home/sm1rk/projekte/ws/cms/hlfileserver/target/surefire 2025-01-29T21-34-23_434-jvmRun1 surefire-20250129213423480_1tmp surefire_0-20250129213423480_2tmp"/>
    <property name="jdk.debug" value="release"/>
    <property name="surefire.test.class.path" value="/home/sm1rk/projekte/ws/cms/hlfileserver/target/test-classes:/home/sm1rk/projekte/ws/cms/hlfileserver/target/classes:/home/sm1rk/.m2/repository/org/springframework/boot/spring-boot-starter/3.4.2/spring-boot-starter-3.4.2.jar:/home/sm1rk/.m2/repository/org/springframework/boot/spring-boot/3.4.2/spring-boot-3.4.2.jar:/home/sm1rk/.m2/repository/org/springframework/spring-context/6.2.2/spring-context-6.2.2.jar:/home/sm1rk/.m2/repository/org/springframework/spring-aop/6.2.2/spring-aop-6.2.2.jar:/home/sm1rk/.m2/repository/org/springframework/spring-beans/6.2.2/spring-beans-6.2.2.jar:/home/sm1rk/.m2/repository/org/springframework/spring-expression/6.2.2/spring-expression-6.2.2.jar:/home/sm1rk/.m2/repository/io/micrometer/micrometer-observation/1.14.3/micrometer-observation-1.14.3.jar:/home/sm1rk/.m2/repository/io/micrometer/micrometer-commons/1.14.3/micrometer-commons-1.14.3.jar:/home/sm1rk/.m2/repository/org/springframework/boot/spring-boot-autoconfigure/3.4.2/spring-boot-autoconfigure-3.4.2.jar:/home/sm1rk/.m2/repository/org/springframework/boot/spring-boot-starter-logging/3.4.2/spring-boot-starter-logging-3.4.2.jar:/home/sm1rk/.m2/repository/ch/qos/logback/logback-classic/1.5.16/logback-classic-1.5.16.jar:/home/sm1rk/.m2/repository/ch/qos/logback/logback-core/1.5.16/logback-core-1.5.16.jar:/home/sm1rk/.m2/repository/org/apache/logging/log4j/log4j-to-slf4j/2.24.3/log4j-to-slf4j-2.24.3.jar:/home/sm1rk/.m2/repository/org/apache/logging/log4j/log4j-api/2.24.3/log4j-api-2.24.3.jar:/home/sm1rk/.m2/repository/org/slf4j/jul-to-slf4j/2.0.16/jul-to-slf4j-2.0.16.jar:/home/sm1rk/.m2/repository/jakarta/annotation/jakarta.annotation-api/2.1.1/jakarta.annotation-api-2.1.1.jar:/home/sm1rk/.m2/repository/org/springframework/spring-core/6.2.2/spring-core-6.2.2.jar:/home/sm1rk/.m2/repository/org/springframework/spring-jcl/6.2.2/spring-jcl-6.2.2.jar:/home/sm1rk/.m2/repository/org/yaml/snakeyaml/2.3/snakeyaml-2.3.jar:/home/sm1rk/.m2/repository/org/springframework/boot/spring-boot-starter-test/3.4.2/spring-boot-starter-test-3.4.2.jar:/home/sm1rk/.m2/repository/org/springframework/boot/spring-boot-test/3.4.2/spring-boot-test-3.4.2.jar:/home/sm1rk/.m2/repository/org/springframework/boot/spring-boot-test-autoconfigure/3.4.2/spring-boot-test-autoconfigure-3.4.2.jar:/home/sm1rk/.m2/repository/com/jayway/jsonpath/json-path/2.9.0/json-path-2.9.0.jar:/home/sm1rk/.m2/repository/org/slf4j/slf4j-api/2.0.16/slf4j-api-2.0.16.jar:/home/sm1rk/.m2/repository/jakarta/xml/bind/jakarta.xml.bind-api/4.0.2/jakarta.xml.bind-api-4.0.2.jar:/home/sm1rk/.m2/repository/jakarta/activation/jakarta.activation-api/2.1.3/jakarta.activation-api-2.1.3.jar:/home/sm1rk/.m2/repository/net/minidev/json-smart/2.5.1/json-smart-2.5.1.jar:/home/sm1rk/.m2/repository/net/minidev/accessors-smart/2.5.1/accessors-smart-2.5.1.jar:/home/sm1rk/.m2/repository/org/ow2/asm/asm/9.6/asm-9.6.jar:/home/sm1rk/.m2/repository/org/assertj/assertj-core/3.26.3/assertj-core-3.26.3.jar:/home/sm1rk/.m2/repository/net/bytebuddy/byte-buddy/1.15.11/byte-buddy-1.15.11.jar:/home/sm1rk/.m2/repository/org/awaitility/awaitility/4.2.2/awaitility-4.2.2.jar:/home/sm1rk/.m2/repository/org/hamcrest/hamcrest/2.2/hamcrest-2.2.jar:/home/sm1rk/.m2/repository/org/junit/jupiter/junit-jupiter/5.11.4/junit-jupiter-5.11.4.jar:/home/sm1rk/.m2/repository/org/junit/jupiter/junit-jupiter-api/5.11.4/junit-jupiter-api-5.11.4.jar:/home/sm1rk/.m2/repository/org/opentest4j/opentest4j/1.3.0/opentest4j-1.3.0.jar:/home/sm1rk/.m2/repository/org/junit/platform/junit-platform-commons/1.11.4/junit-platform-commons-1.11.4.jar:/home/sm1rk/.m2/repository/org/apiguardian/apiguardian-api/1.1.2/apiguardian-api-1.1.2.jar:/home/sm1rk/.m2/repository/org/junit/jupiter/junit-jupiter-params/5.11.4/junit-jupiter-params-5.11.4.jar:/home/sm1rk/.m2/repository/org/junit/jupiter/junit-jupiter-engine/5.11.4/junit-jupiter-engine-5.11.4.jar:/home/sm1rk/.m2/repository/org/junit/platform/junit-platform-engine/1.11.4/junit-platform-engine-1.11.4.jar:/home/sm1rk/.m2/repository/org/mockito/mockito-core/5.14.2/mockito-core-5.14.2.jar:/home/sm1rk/.m2/repository/net/bytebuddy/byte-buddy-agent/1.15.11/byte-buddy-agent-1.15.11.jar:/home/sm1rk/.m2/repository/org/objenesis/objenesis/3.3/objenesis-3.3.jar:/home/sm1rk/.m2/repository/org/mockito/mockito-junit-jupiter/5.14.2/mockito-junit-jupiter-5.14.2.jar:/home/sm1rk/.m2/repository/org/skyscreamer/jsonassert/1.5.3/jsonassert-1.5.3.jar:/home/sm1rk/.m2/repository/com/vaadin/external/google/android-json/0.0.20131108.vaadin1/android-json-0.0.20131108.vaadin1.jar:/home/sm1rk/.m2/repository/org/springframework/spring-test/6.2.2/spring-test-6.2.2.jar:/home/sm1rk/.m2/repository/org/xmlunit/xmlunit-core/2.10.0/xmlunit-core-2.10.0.jar:"/>
    <property name="sun.cpu.endian" value="little"/>
    <property name="user.home" value="/home/sm1rk"/>
    <property name="user.language" value="en"/>
    <property name="java.specification.vendor" value="Oracle Corporation"/>
    <property name="java.version.date" value="2024-10-15"/>
    <property name="java.home" value="/home/sm1rk/software/eclipse-java/plugins/org.eclipse.justj.openjdk.hotspot.jre.full.linux.x86_64_21.0.5.v20241023-1957/jre"/>
    <property name="file.separator" value="/"/>
    <property name="basedir" value="/home/sm1rk/projekte/ws/cms/hlfileserver"/>
    <property name="style.color" value="always"/>
    <property name="java.vm.compressedOopsMode" value="Zero based"/>
    <property name="line.separator" value="&#10;"/>
    <property name="java.vm.specification.vendor" value="Oracle Corporation"/>
    <property name="java.specification.name" value="Java Platform API Specification"/>
    <property name="FILE_LOG_CHARSET" value="UTF-8"/>
    <property name="java.awt.headless" value="true"/>
    <property name="surefire.real.class.path" value="/home/sm1rk/projekte/ws/cms/hlfileserver/target/surefire/surefirebooter-20250129213423480_3.jar"/>
    <property name="sun.management.compiler" value="HotSpot 64-Bit Tiered Compilers"/>
    <property name="java.runtime.version" value="21.0.5+11-LTS"/>
    <property name="user.name" value="sm1rk"/>
    <property name="stdout.encoding" value="UTF-8"/>
    <property name="path.separator" value=":"/>
    <property name="os.version" value="6.12.8-arch1-1"/>
    <property name="java.runtime.name" value="OpenJDK Runtime Environment"/>
    <property name="file.encoding" value="UTF-8"/>
    <property name="java.vm.name" value="OpenJDK 64-Bit Server VM"/>
    <property name="java.vendor.version" value="Temurin-21.0.5+11"/>
    <property name="localRepository" value="/home/sm1rk/.m2/repository"/>
    <property name="java.vendor.url.bug" value="https://github.com/adoptium/adoptium-support/issues"/>
    <property name="java.io.tmpdir" value="/tmp"/>
    <property name="java.version" value="21.0.5"/>
    <property name="user.dir" value="/home/sm1rk/projekte/ws/cms/hlfileserver"/>
    <property name="os.arch" value="amd64"/>
    <property name="java.vm.specification.name" value="Java Virtual Machine Specification"/>
    <property name="PID" value="13767"/>
    <property name="CONSOLE_LOG_CHARSET" value="UTF-8"/>
    <property name="native.encoding" value="UTF-8"/>
    <property name="java.library.path" value="/usr/java/packages/lib:/usr/lib64:/lib64:/lib:/usr/lib"/>
    <property name="java.vm.info" value="mixed mode, sharing"/>
    <property name="stderr.encoding" value="UTF-8"/>
    <property name="java.vendor" value="Eclipse Adoptium"/>
    <property name="java.vm.version" value="21.0.5+11-LTS"/>
    <property name="sun.io.unicode.encoding" value="UnicodeLittle"/>
    <property name="java.class.version" value="65.0"/>
    <property name="LOGGED_APPLICATION_NAME" value="[hlfileserver] "/>
  </properties>
  <testcase name="checkIfPOMExists" classname="de.homelabs.hlfileserver.HlfileserverApplicationTests" time="0.414">
    <system-out><![CDATA[21:34:23.838 [main] INFO org.springframework.test.context.support.AnnotationConfigContextLoaderUtils -- Could not detect default configuration classes for test class [de.homelabs.hlfileserver.HlfileserverApplicationTests]: HlfileserverApplicationTests does not declare any static, non-private, non-final, nested classes annotated with @Configuration.
21:34:23.884 [main] INFO org.springframework.boot.test.context.SpringBootTestContextBootstrapper -- Found @SpringBootConfiguration de.homelabs.hlfileserver.HlfileserverApplication for test class de.homelabs.hlfileserver.HlfileserverApplicationTests

  .   ____          _            __ _ _
 /\\ / ___'_ __ _ _(_)_ __  __ _ \ \ \ \
( ( )\___ | '_ | '_| | '_ \/ _` | \ \ \ \
 \\/  ___)| |_)| | | | | || (_| |  ) ) ) )
  '  |____| .__|_| |_|_| |_\__, | / / / /
 =========|_|==============|___/=/_/_/_/

 :: Spring Boot ::                (v3.4.2)

2025-01-29T21:34:24.075+01:00  INFO 13767 --- [hlfileserver] [           main] d.h.h.HlfileserverApplicationTests       : Starting HlfileserverApplicationTests using Java 21.0.5 with PID 13767 (started by sm1rk in /home/sm1rk/projekte/ws/cms/hlfileserver)
2025-01-29T21:34:24.075+01:00  INFO 13767 --- [hlfileserver] [           main] d.h.h.HlfileserverApplicationTests       : No active profile set, falling back to 1 default profile: "default"
2025-01-29T21:34:24.294+01:00  INFO 13767 --- [hlfileserver] [           main] d.h.h.HlfileserverApplicationTests       : Started HlfileserverApplicationTests in 0.353 seconds (process running for 0.767)
2025-01-29T21:34:24.704+01:00  INFO 13767 --- [hlfileserver] [           main] d.h.h.HlfileserverApplicationTests       : (D) .git
2025-01-29T21:34:24.705+01:00  INFO 13767 --- [hlfileserver] [           main] d.h.h.HlfileserverApplicationTests       : (D) .settings
2025-01-29T21:34:24.705+01:00  INFO 13767 --- [hlfileserver] [           main] d.h.h.HlfileserverApplicationTests       : (D) documentation
2025-01-29T21:34:24.705+01:00  INFO 13767 --- [hlfileserver] [           main] d.h.h.HlfileserverApplicationTests       : (D) src
2025-01-29T21:34:24.705+01:00  INFO 13767 --- [hlfileserver] [           main] d.h.h.HlfileserverApplicationTests       : (D) target
2025-01-29T21:34:24.705+01:00  INFO 13767 --- [hlfileserver] [           main] d.h.h.HlfileserverApplicationTests       : (F) .classpath
2025-01-29T21:34:24.705+01:00  INFO 13767 --- [hlfileserver] [           main] d.h.h.HlfileserverApplicationTests       : (F) .gitignore
2025-01-29T21:34:24.705+01:00  INFO 13767 --- [hlfileserver] [           main] d.h.h.HlfileserverApplicationTests       : (F) .project
2025-01-29T21:34:24.705+01:00  INFO 13767 --- [hlfileserver] [           main] d.h.h.HlfileserverApplicationTests       : (F) HELP.md
2025-01-29T21:34:24.705+01:00  INFO 13767 --- [hlfileserver] [           main] d.h.h.HlfileserverApplicationTests       : (F) LICENSE
2025-01-29T21:34:24.705+01:00  INFO 13767 --- [hlfileserver] [           main] d.h.h.HlfileserverApplicationTests       : (F) README.md
2025-01-29T21:34:24.705+01:00  INFO 13767 --- [hlfileserver] [           main] d.h.h.HlfileserverApplicationTests       : (F) mvnw
2025-01-29T21:34:24.705+01:00  INFO 13767 --- [hlfileserver] [           main] d.h.h.HlfileserverApplicationTests       : (F) mvnw.cmd
2025-01-29T21:34:24.705+01:00  INFO 13767 --- [hlfileserver] [           main] d.h.h.HlfileserverApplicationTests       : (F) pom.xml
]]></system-out>
    <system-err><![CDATA[Mockito is currently self-attaching to enable the inline-mock-maker. This will no longer work in future releases of the JDK. Please add Mockito as an agent to your build what is described in Mockito's documentation: https://javadoc.io/doc/org.mockito/mockito-core/latest/org/mockito/Mockito.html#0.3
WARNING: A Java agent has been loaded dynamically (/home/sm1rk/.m2/repository/net/bytebuddy/byte-buddy-agent/1.15.11/byte-buddy-agent-1.15.11.jar)
WARNING: If a serviceability tool is in use, please run with -XX:+EnableDynamicAgentLoading to hide this warning
WARNING: If a serviceability tool is not in use, please run with -Djdk.instrument.traceUsage for more information
WARNING: Dynamic loading of agents will be disallowed by default in a future release
]]></system-err>
  </testcase>
</testsuite>